<?xml version="1.0" encoding="UTF-8"?>
<!-- Generated by org.testng.reporters.JUnitReportReporter -->
<testsuite hostname="LAPTOP-GBKDVHB5" failures="0" tests="1" name="contacts.CreateContactTest" time="9.507" errors="0" timestamp="2021-12-22T10:40:35 IST" skipped="0">
  <testcase classname="contacts.CreateContactTest" name="createContact" time="9.507"/>
  <system-out/>
</testsuite> <!-- contacts.CreateContactTest -->
