<?xml version="1.0" encoding="UTF-8"?>
<!-- Generated by org.testng.reporters.JUnitReportReporter -->
<testsuite hostname="LAPTOP-GBKDVHB5" failures="0" tests="1" name="prcatice.ConfigAnnotations" time="0.015" errors="0" timestamp="2021-12-28T15:37:25 IST" skipped="0">
  <testcase classname="prcatice.ConfigAnnotations" name="modifyContactTest" time="0.015"/>
  <system-out/>
</testsuite> <!-- prcatice.ConfigAnnotations -->
