<?xml version="1.0" encoding="UTF-8"?>
<!-- Generated by org.testng.reporters.JUnitReportReporter -->
<testsuite hostname="LAPTOP-GBKDVHB5" failures="0" tests="3" name="prcatice.DataProviderTest" time="0.011" errors="0" timestamp="2021-12-27T15:21:18 IST" skipped="0">
  <testcase classname="prcatice.DataProviderTest" name="dataProviderTest" time="0.001"/>
  <system-out/>
  <testcase classname="prcatice.DataProviderTest" name="dataProviderTest" time="0.008"/>
  <system-out/>
  <testcase classname="prcatice.DataProviderTest" name="dataProviderTest" time="0.002"/>
  <system-out/>
</testsuite> <!-- prcatice.DataProviderTest -->
