<?xml version="1.0" encoding="UTF-8"?>
<!-- Generated by org.testng.reporters.JUnitReportReporter -->
<testsuite hostname="LAPTOP-GBKDVHB5" failures="0" tests="1" name="prcatice.CreateContactTest" time="4.463" errors="0" timestamp="2021-12-28T18:26:03 IST" skipped="0">
  <testcase classname="prcatice.CreateContactTest" name="createContactTest" time="4.463"/>
  <system-out/>
</testsuite> <!-- prcatice.CreateContactTest -->
