<?xml version="1.0" encoding="UTF-8"?>
<!-- Generated by org.testng.reporters.JUnitReportReporter -->
<testsuite hostname="LAPTOP-GBKDVHB5" failures="0" tests="1" name="prcatice.CreateOrganizationTest" time="11.121" errors="0" timestamp="2021-12-28T18:26:03 IST" skipped="0">
  <testcase classname="prcatice.CreateOrganizationTest" name="createOrgTest" time="11.121"/>
  <system-out/>
</testsuite> <!-- prcatice.CreateOrganizationTest -->
