<?xml version="1.0" encoding="UTF-8"?>
<!-- Generated by org.testng.reporters.JUnitReportReporter -->
<testsuite hostname="LAPTOP-GBKDVHB5" failures="0" tests="1" name="prcatice.CommandLineParameterTest" time="0.010" errors="0" timestamp="2021-12-29T15:29:17 IST" skipped="0">
  <testcase classname="prcatice.CommandLineParameterTest" name="tc_o1" time="0.010"/>
  <system-out/>
</testsuite> <!-- prcatice.CommandLineParameterTest -->
